<?xml version="1.0" encoding="UTF-8"?>
<!-- Generated by org.testng.reporters.JUnitXMLReporter -->
<testsuite ignored="0" hostname="Rajis-Air.attlocal.net" failures="0" tests="4" name="submitorderTest" time="76.484" errors="0" timestamp="2024-03-06T20:34:15 EST">
  <testcase classname="raji.tests.submitordertest" name="samplestandalonetest" time="4.377"/>
  <testcase classname="raji.tests.submitordertest" name="samplestandalonetest" time="5.217"/>
  <testcase classname="raji.tests.submitordertest" name="samplestandalonetest" time="4.996"/>
  <testcase classname="raji.tests.submitordertest" name="orderhistorytest" time="0.8"/>
</testsuite> <!-- submitorderTest -->
